This file contains any messages produced by compilers while
running configure, to aid debugging if configure makes a mistake.

It was created by srmodels configure 0.0.3, which was
generated by GNU Autoconf 2.68.  Invocation command line was

  $ ./configure 

## --------- ##
## Platform. ##
## --------- ##

hostname = cp3wks01
uname -m = x86_64
uname -r = 3.1.5-1.1-server
uname -s = Linux
uname -v = #1 SMP Sat Dec 10 08:37:00 UTC 2011

/usr/bin/uname -p = unknown
/bin/uname -X     = unknown

/bin/arch              = x86_64
/usr/bin/arch -k       = unknown
/usr/convex/getsysinfo = unknown
/usr/bin/hostinfo      = unknown
/bin/machine           = unknown
/usr/bin/oslevel       = unknown
/bin/universe          = unknown

PATH: /usr/bin
PATH: /bin
PATH: /usr/local/bin
PATH: /usr/X11R6/bin/
PATH: /usr/games
PATH: /usr/lib/qt4//bin/
PATH: /home/chris/bin


## ----------- ##
## Core tests. ##
## ----------- ##

configure:2236: checking for gfortran
configure:2252: found /usr/bin/gfortran
configure:2263: result: gfortran
configure:2289: checking for Fortran compiler version
configure:2298: gfortran --version >&5
GNU Fortran (GCC) 4.6.2 20120106 (Mandriva)
Copyright (C) 2011 Free Software Foundation, Inc.

GNU Fortran comes with NO WARRANTY, to the extent permitted by law.
You may redistribute copies of GNU Fortran
under the terms of the GNU General Public License.
For more information about these matters, see the file named COPYING

configure:2309: $? = 0
configure:2298: gfortran -v >&5
Using built-in specs.
COLLECT_GCC=gfortran
COLLECT_LTO_WRAPPER=/usr/lib64/gcc/x86_64-mandriva-linux-gnu/4.6.2/lto-wrapper
Target: x86_64-mandriva-linux-gnu
Configured with: ./configure --build=x86_64-mandriva-linux-gnu --prefix=/usr --exec-prefix=/usr --bindir=/usr/bin --sbindir=/usr/sbin --sysconfdir=/etc --datadir=/usr/share --includedir=/usr/include --libdir=/usr/lib64 --libexecdir=/usr/lib64 --localstatedir=/var --sharedstatedir=/usr/com --mandir=/usr/share/man --infodir=/usr/share/info --x-includes=/usr/include --x-libraries=/usr/lib64 --disable-libjava-multilib --with-java-home=/usr/lib/jvm/java-1.5.0-gcj-1.5.0.0/jre --with-ecj-jar=/usr/share/java/eclipse-ecj.jar --enable-java-awt=gtk --enable-gtk-cairo --with-cloog --with-ppl --enable-cloog-backend=ppl --disable-libssp --disable-libunwind-exceptions --disable-werror --enable-__cxa_atexit --enable-bootstrap --enable-checking=release --enable-gnu-unique-object --enable-languages=c,ada,c++,fortran,go,java,lto,objc,obj-c++ --enable-linker-build-id --enable-plugin --enable-shared --enable-threads=posix --with-system-zlib --with-bugurl=https://qa.mandriva.com/ --with-tune=generic --with-arch_32=i686 --host=x86_64-mandriva-linux-gnu --target=x86_64-mandriva-linux-gnu
Thread model: posix
gcc version 4.6.2 20120106 (Mandriva) (GCC) 
configure:2309: $? = 0
configure:2298: gfortran -V >&5
gfortran: error: unrecognized option '-V'
gfortran: fatal error: no input files
compilation terminated.
configure:2309: $? = 1
configure:2298: gfortran -qversion >&5
gfortran: error: unrecognized option '-qversion'
gfortran: fatal error: no input files
compilation terminated.
configure:2309: $? = 1
configure:2324: checking whether the Fortran compiler works
configure:2346: gfortran    conftest.f  >&5
configure:2350: $? = 0
configure:2398: result: yes
configure:2401: checking for Fortran compiler default output file name
configure:2403: result: a.out
configure:2409: checking for suffix of executables
configure:2416: gfortran -o conftest    conftest.f  >&5
configure:2420: $? = 0
configure:2442: result: 
configure:2458: checking whether we are cross compiling
configure:2466: gfortran -o conftest    conftest.f  >&5
configure:2470: $? = 0
configure:2477: ./conftest
configure:2481: $? = 0
configure:2496: result: no
configure:2501: checking for suffix of object files
configure:2517: gfortran -c   conftest.f >&5
configure:2521: $? = 0
configure:2542: result: o
configure:2550: checking whether we are using the GNU Fortran compiler
configure:2563: gfortran -c   conftest.F >&5
configure:2563: $? = 0
configure:2572: result: yes
configure:2578: checking whether gfortran accepts -g
configure:2589: gfortran -c -g  conftest.f >&5
configure:2589: $? = 0
configure:2597: result: yes
configure:2669: checking for gcc
configure:2685: found /usr/bin/gcc
configure:2696: result: gcc
configure:2925: checking for C compiler version
configure:2934: gcc --version >&5
gcc (GCC) 4.6.2 20120106 (Mandriva)
Copyright (C) 2011 Free Software Foundation, Inc.
This is free software; see the source for copying conditions.  There is NO
warranty; not even for MERCHANTABILITY or FITNESS FOR A PARTICULAR PURPOSE.

configure:2945: $? = 0
configure:2934: gcc -v >&5
Using built-in specs.
COLLECT_GCC=gcc
COLLECT_LTO_WRAPPER=/usr/lib64/gcc/x86_64-mandriva-linux-gnu/4.6.2/lto-wrapper
Target: x86_64-mandriva-linux-gnu
Configured with: ./configure --build=x86_64-mandriva-linux-gnu --prefix=/usr --exec-prefix=/usr --bindir=/usr/bin --sbindir=/usr/sbin --sysconfdir=/etc --datadir=/usr/share --includedir=/usr/include --libdir=/usr/lib64 --libexecdir=/usr/lib64 --localstatedir=/var --sharedstatedir=/usr/com --mandir=/usr/share/man --infodir=/usr/share/info --x-includes=/usr/include --x-libraries=/usr/lib64 --disable-libjava-multilib --with-java-home=/usr/lib/jvm/java-1.5.0-gcj-1.5.0.0/jre --with-ecj-jar=/usr/share/java/eclipse-ecj.jar --enable-java-awt=gtk --enable-gtk-cairo --with-cloog --with-ppl --enable-cloog-backend=ppl --disable-libssp --disable-libunwind-exceptions --disable-werror --enable-__cxa_atexit --enable-bootstrap --enable-checking=release --enable-gnu-unique-object --enable-languages=c,ada,c++,fortran,go,java,lto,objc,obj-c++ --enable-linker-build-id --enable-plugin --enable-shared --enable-threads=posix --with-system-zlib --with-bugurl=https://qa.mandriva.com/ --with-tune=generic --with-arch_32=i686 --host=x86_64-mandriva-linux-gnu --target=x86_64-mandriva-linux-gnu
Thread model: posix
gcc version 4.6.2 20120106 (Mandriva) (GCC) 
configure:2945: $? = 0
configure:2934: gcc -V >&5
gcc: error: unrecognized option '-V'
gcc: fatal error: no input files
compilation terminated.
configure:2945: $? = 1
configure:2934: gcc -qversion >&5
gcc: error: unrecognized option '-qversion'
gcc: fatal error: no input files
compilation terminated.
configure:2945: $? = 1
configure:2949: checking whether we are using the GNU C compiler
configure:2968: gcc -c   conftest.c >&5
configure:2968: $? = 0
configure:2977: result: yes
configure:2986: checking whether gcc accepts -g
configure:3006: gcc -c -g  conftest.c >&5
configure:3006: $? = 0
configure:3047: result: yes
configure:3064: checking for gcc option to accept ISO C89
configure:3128: gcc  -c -g -O2  conftest.c >&5
configure:3128: $? = 0
configure:3141: result: none needed
configure:3166: checking how to run the C preprocessor
configure:3197: gcc -E  conftest.c
configure:3197: $? = 0
configure:3211: gcc -E  conftest.c
conftest.c:9:28: fatal error: ac_nonexistent.h: No such file or directory
compilation terminated.
configure:3211: $? = 1
configure: failed program was:
| /* confdefs.h */
| #define PACKAGE_NAME "srmodels"
| #define PACKAGE_TARNAME "srmodels"
| #define PACKAGE_VERSION "0.0.3"
| #define PACKAGE_STRING "srmodels 0.0.3"
| #define PACKAGE_BUGREPORT "ringeval@iap.fr"
| #define PACKAGE_URL ""
| /* end confdefs.h.  */
| #include <ac_nonexistent.h>
configure:3236: result: gcc -E
configure:3256: gcc -E  conftest.c
configure:3256: $? = 0
configure:3270: gcc -E  conftest.c
conftest.c:9:28: fatal error: ac_nonexistent.h: No such file or directory
compilation terminated.
configure:3270: $? = 1
configure: failed program was:
| /* confdefs.h */
| #define PACKAGE_NAME "srmodels"
| #define PACKAGE_TARNAME "srmodels"
| #define PACKAGE_VERSION "0.0.3"
| #define PACKAGE_STRING "srmodels 0.0.3"
| #define PACKAGE_BUGREPORT "ringeval@iap.fr"
| #define PACKAGE_URL ""
| /* end confdefs.h.  */
| #include <ac_nonexistent.h>
configure:3341: checking for ranlib
configure:3357: found /usr/bin/ranlib
configure:3368: result: ranlib
configure:3448: checking build system type
configure:3462: result: x86_64-unknown-linux-gnu
configure:3482: checking host system type
configure:3495: result: x86_64-unknown-linux-gnu
configure:3536: checking how to print strings
configure:3563: result: printf
configure:3584: checking for a sed that does not truncate output
configure:3648: result: /bin/sed
configure:3666: checking for grep that handles long lines and -e
configure:3724: result: /bin/grep
configure:3729: checking for egrep
configure:3791: result: /bin/grep -E
configure:3796: checking for fgrep
configure:3858: result: /bin/grep -F
configure:3893: checking for ld used by gcc
configure:3960: result: /usr/bin/ld
configure:3967: checking if the linker (/usr/bin/ld) is GNU ld
configure:3982: result: yes
configure:3994: checking for BSD- or MS-compatible name lister (nm)
configure:4043: result: /usr/bin/nm -B
configure:4173: checking the name lister (/usr/bin/nm -B) interface
configure:4180: gcc -c -g -O2  conftest.c >&5
configure:4183: /usr/bin/nm -B "conftest.o"
configure:4186: output
0000000000000000 B some_variable
configure:4193: result: BSD nm
configure:4196: checking whether ln -s works
configure:4200: result: yes
configure:4208: checking the maximum length of command line arguments
configure:4338: result: 1572864
configure:4355: checking whether the shell understands some XSI constructs
configure:4365: result: yes
configure:4369: checking whether the shell understands "+="
configure:4375: result: yes
configure:4410: checking how to convert x86_64-unknown-linux-gnu file names to x86_64-unknown-linux-gnu format
configure:4450: result: func_convert_file_noop
configure:4457: checking how to convert x86_64-unknown-linux-gnu file names to toolchain format
configure:4477: result: func_convert_file_noop
configure:4484: checking for /usr/bin/ld option to reload object files
configure:4491: result: -r
configure:4565: checking for objdump
configure:4581: found /usr/bin/objdump
configure:4592: result: objdump
configure:4624: checking how to recognize dependent libraries
configure:4826: result: pass_all
configure:4911: checking for dlltool
configure:4941: result: no
configure:4971: checking how to associate runtime and link libraries
configure:4998: result: printf %s\n
configure:5059: checking for ar
configure:5075: found /usr/bin/ar
configure:5086: result: ar
configure:5123: checking for archiver @FILE support
configure:5140: gcc -c -g -O2  conftest.c >&5
configure:5140: $? = 0
configure:5143: ar cru libconftest.a @conftest.lst >&5
configure:5146: $? = 0
configure:5151: ar cru libconftest.a @conftest.lst >&5
ar: conftest.o: No such file or directory
configure:5154: $? = 1
configure:5166: result: @
configure:5224: checking for strip
configure:5240: found /usr/bin/strip
configure:5251: result: strip
configure:5323: checking for ranlib
configure:5350: result: ranlib
configure:5427: checking for gawk
configure:5443: found /usr/bin/gawk
configure:5454: result: gawk
configure:5494: checking command to parse /usr/bin/nm -B output from gcc object
configure:5614: gcc -c -g -O2  conftest.c >&5
configure:5617: $? = 0
configure:5621: /usr/bin/nm -B conftest.o \| sed -n -e 's/^.*[ ]\([ABCDGIRSTW][ABCDGIRSTW]*\)[ ][ ]*\([_A-Za-z][_A-Za-z0-9]*\)$/\1 \2 \2/p' | sed '/ __gnu_lto/d' \> conftest.nm
configure:5624: $? = 0
configure:5690: gcc -o conftest -g -O2   conftest.c conftstm.o >&5
configure:5693: $? = 0
configure:5731: result: ok
configure:5768: checking for sysroot
configure:5798: result: no
configure:5875: gcc -c -g -O2  conftest.c >&5
configure:5878: $? = 0
configure:6054: checking for mt
configure:6084: result: no
configure:6104: checking if : is a manifest tool
configure:6110: : '-?'
configure:6118: result: no
configure:6756: checking for ANSI C header files
configure:6776: gcc -c -g -O2  conftest.c >&5
configure:6776: $? = 0
configure:6849: gcc -o conftest -g -O2   conftest.c  >&5
configure:6849: $? = 0
configure:6849: ./conftest
configure:6849: $? = 0
configure:6860: result: yes
configure:6873: checking for sys/types.h
configure:6873: gcc -c -g -O2  conftest.c >&5
configure:6873: $? = 0
configure:6873: result: yes
configure:6873: checking for sys/stat.h
configure:6873: gcc -c -g -O2  conftest.c >&5
configure:6873: $? = 0
configure:6873: result: yes
configure:6873: checking for stdlib.h
configure:6873: gcc -c -g -O2  conftest.c >&5
configure:6873: $? = 0
configure:6873: result: yes
configure:6873: checking for string.h
configure:6873: gcc -c -g -O2  conftest.c >&5
configure:6873: $? = 0
configure:6873: result: yes
configure:6873: checking for memory.h
configure:6873: gcc -c -g -O2  conftest.c >&5
configure:6873: $? = 0
configure:6873: result: yes
configure:6873: checking for strings.h
configure:6873: gcc -c -g -O2  conftest.c >&5
configure:6873: $? = 0
configure:6873: result: yes
configure:6873: checking for inttypes.h
configure:6873: gcc -c -g -O2  conftest.c >&5
configure:6873: $? = 0
configure:6873: result: yes
configure:6873: checking for stdint.h
configure:6873: gcc -c -g -O2  conftest.c >&5
configure:6873: $? = 0
configure:6873: result: yes
configure:6873: checking for unistd.h
configure:6873: gcc -c -g -O2  conftest.c >&5
configure:6873: $? = 0
configure:6873: result: yes
configure:6887: checking for dlfcn.h
configure:6887: gcc -c -g -O2  conftest.c >&5
configure:6887: $? = 0
configure:6887: result: yes
configure:7104: checking for objdir
configure:7119: result: .libs
configure:7386: checking if gcc supports -fno-rtti -fno-exceptions
configure:7404: gcc -c -g -O2  -fno-rtti -fno-exceptions conftest.c >&5
cc1: warning: command line option '-fno-rtti' is valid for C++/ObjC++ but not for C [enabled by default]
configure:7408: $? = 0
configure:7421: result: no
configure:7748: checking for gcc option to produce PIC
configure:7755: result: -fPIC -DPIC
configure:7763: checking if gcc PIC flag -fPIC -DPIC works
configure:7781: gcc -c -g -O2  -fPIC -DPIC -DPIC conftest.c >&5
configure:7785: $? = 0
configure:7798: result: yes
configure:7827: checking if gcc static flag -static works
configure:7855: result: no
configure:7870: checking if gcc supports -c -o file.o
configure:7891: gcc -c -g -O2  -o out/conftest2.o conftest.c >&5
configure:7895: $? = 0
configure:7917: result: yes
configure:7925: checking if gcc supports -c -o file.o
configure:7972: result: yes
configure:8005: checking whether the gcc linker (/usr/bin/ld -m elf_x86_64) supports shared libraries
configure:9159: result: yes
configure:9196: checking whether -lc should be explicitly linked in
configure:9204: gcc -c -g -O2  conftest.c >&5
configure:9207: $? = 0
configure:9222: gcc -shared  -fPIC -DPIC conftest.o  -v -Wl,-soname -Wl,conftest -o conftest 2\>\&1 \| /bin/grep  -lc  \>/dev/null 2\>\&1
configure:9225: $? = 0
configure:9239: result: no
configure:9399: checking dynamic linker characteristics
configure:9910: gcc -o conftest -g -O2   -Wl,-rpath -Wl,/foo conftest.c  >&5
configure:9910: $? = 0
configure:9934: gcc -c -g -O2  conftest.c >&5
configure:9937: $? = 0
configure:10154: result: GNU/Linux ld.so
configure:10261: checking how to hardcode library paths into programs
configure:10286: result: immediate
configure:10826: checking whether stripping libraries is possible
configure:10831: result: yes
configure:10866: checking if libtool supports shared libraries
configure:10868: result: yes
configure:10871: checking whether to build shared libraries
configure:10892: result: yes
configure:10895: checking whether to build static libraries
configure:10899: result: yes
configure:11028: checking if libtool supports shared libraries
configure:11030: result: yes
configure:11033: checking whether to build shared libraries
configure:11053: result: yes
configure:11056: checking whether to build static libraries
configure:11060: result: yes
configure:11094: gfortran -c -g -O2  conftest.f >&5
configure:11097: $? = 0
configure:11544: checking for gfortran option to produce PIC
configure:11551: result: -fPIC
configure:11559: checking if gfortran PIC flag -fPIC works
configure:11577: gfortran -c -g -O2 -fPIC  conftest.f >&5
configure:11581: $? = 0
configure:11594: result: yes
configure:11617: checking if gfortran static flag -static works
configure:11645: result: no
configure:11657: checking if gfortran supports -c -o file.o
configure:11678: gfortran -c -g -O2 -o out/conftest2.o  conftest.f >&5
configure:11682: $? = 0
configure:11704: result: yes
configure:11709: checking if gfortran supports -c -o file.o
configure:11756: result: yes
configure:11786: checking whether the gfortran linker (/usr/bin/ld -m elf_x86_64) supports shared libraries
configure:12890: result: yes
configure:13031: checking dynamic linker characteristics
configure:13494: gfortran -c -g -O2  conftest.f >&5
Warning: conftest.f:1: Illegal preprocessor directive
configure:13497: $? = 0
configure:13714: result: GNU/Linux ld.so
configure:13767: checking how to hardcode library paths into programs
configure:13792: result: immediate
configure:13876: checking for a BSD-compatible install
configure:13944: result: /usr/bin/install -c
configure:13955: checking whether build environment is sane
configure:14005: result: yes
configure:14146: checking for a thread-safe mkdir -p
configure:14185: result: /bin/mkdir -p
configure:14194: checking whether make sets $(MAKE)
configure:14216: result: yes
configure:14246: checking for style of include used by make
configure:14274: result: GNU
configure:14360: checking dependency style of gcc
configure:14471: result: gcc3
configure:14656: creating ./config.status

## ---------------------- ##
## Running config.status. ##
## ---------------------- ##

This file was extended by srmodels config.status 0.0.3, which was
generated by GNU Autoconf 2.68.  Invocation command line was

  CONFIG_FILES    = 
  CONFIG_HEADERS  = 
  CONFIG_LINKS    = 
  CONFIG_COMMANDS = 
  $ ./config.status 

on cp3wks01

config.status:1095: creating Makefile
config.status:1095: creating src/Makefile
config.status:1095: creating src/common/Makefile
config.status:1095: creating src/lfi/Makefile
config.status:1095: creating src/mlfi/Makefile
config.status:1095: creating src/rcmi/Makefile
config.status:1095: creating src/rcqi/Makefile
config.status:1095: creating src/pni/Makefile
config.status:1095: creating src/mni/Makefile
config.status:1095: creating src/esi/Makefile
config.status:1095: creating src/pli/Makefile
config.status:1095: creating src/kmii/Makefile
config.status:1095: creating src/hf1i/Makefile
config.status:1095: creating src/sfi/Makefile
config.status:1095: creating src/li/Makefile
config.status:1095: creating src/ii/Makefile
config.status:1095: creating src/cwi/Makefile
config.status:1095: creating src/kmiii/Makefile
config.status:1267: executing libtool commands
config.status:1267: executing depfiles commands

## ---------------- ##
## Cache variables. ##
## ---------------- ##

ac_cv_build=x86_64-unknown-linux-gnu
ac_cv_c_compiler_gnu=yes
ac_cv_env_CC_set=
ac_cv_env_CC_value=
ac_cv_env_CFLAGS_set=
ac_cv_env_CFLAGS_value=
ac_cv_env_CPPFLAGS_set=
ac_cv_env_CPPFLAGS_value=
ac_cv_env_CPP_set=
ac_cv_env_CPP_value=
ac_cv_env_FCFLAGS_set=
ac_cv_env_FCFLAGS_value=
ac_cv_env_FC_set=
ac_cv_env_FC_value=
ac_cv_env_LDFLAGS_set=
ac_cv_env_LDFLAGS_value=
ac_cv_env_LIBS_set=
ac_cv_env_LIBS_value=
ac_cv_env_build_alias_set=
ac_cv_env_build_alias_value=
ac_cv_env_host_alias_set=
ac_cv_env_host_alias_value=
ac_cv_env_target_alias_set=
ac_cv_env_target_alias_value=
ac_cv_fc_compiler_gnu=yes
ac_cv_header_dlfcn_h=yes
ac_cv_header_inttypes_h=yes
ac_cv_header_memory_h=yes
ac_cv_header_stdc=yes
ac_cv_header_stdint_h=yes
ac_cv_header_stdlib_h=yes
ac_cv_header_string_h=yes
ac_cv_header_strings_h=yes
ac_cv_header_sys_stat_h=yes
ac_cv_header_sys_types_h=yes
ac_cv_header_unistd_h=yes
ac_cv_host=x86_64-unknown-linux-gnu
ac_cv_objext=o
ac_cv_path_EGREP='/bin/grep -E'
ac_cv_path_FGREP='/bin/grep -F'
ac_cv_path_GREP=/bin/grep
ac_cv_path_SED=/bin/sed
ac_cv_path_install='/usr/bin/install -c'
ac_cv_path_mkdir=/bin/mkdir
ac_cv_prog_AWK=gawk
ac_cv_prog_CPP='gcc -E'
ac_cv_prog_ac_ct_AR=ar
ac_cv_prog_ac_ct_CC=gcc
ac_cv_prog_ac_ct_FC=gfortran
ac_cv_prog_ac_ct_OBJDUMP=objdump
ac_cv_prog_ac_ct_RANLIB=ranlib
ac_cv_prog_ac_ct_STRIP=strip
ac_cv_prog_cc_c89=
ac_cv_prog_cc_g=yes
ac_cv_prog_fc_g=yes
ac_cv_prog_make_make_set=yes
am_cv_CC_dependencies_compiler_type=gcc3
lt_cv_ar_at_file=@
lt_cv_archive_cmds_need_lc=no
lt_cv_deplibs_check_method=pass_all
lt_cv_file_magic_cmd='$MAGIC_CMD'
lt_cv_file_magic_test_file=
lt_cv_ld_reload_flag=-r
lt_cv_nm_interface='BSD nm'
lt_cv_objdir=.libs
lt_cv_path_LD=/usr/bin/ld
lt_cv_path_NM='/usr/bin/nm -B'
lt_cv_path_mainfest_tool=no
lt_cv_prog_compiler_c_o=yes
lt_cv_prog_compiler_c_o_FC=yes
lt_cv_prog_compiler_pic='-fPIC -DPIC'
lt_cv_prog_compiler_pic_FC=-fPIC
lt_cv_prog_compiler_pic_works=yes
lt_cv_prog_compiler_pic_works_FC=yes
lt_cv_prog_compiler_rtti_exceptions=no
lt_cv_prog_compiler_static_works=no
lt_cv_prog_compiler_static_works_FC=no
lt_cv_prog_gnu_ld=yes
lt_cv_sharedlib_from_linklib_cmd='printf %s\n'
lt_cv_shlibpath_overrides_runpath=no
lt_cv_sys_global_symbol_pipe='sed -n -e '\''s/^.*[	 ]\([ABCDGIRSTW][ABCDGIRSTW]*\)[	 ][	 ]*\([_A-Za-z][_A-Za-z0-9]*\)$/\1 \2 \2/p'\'' | sed '\''/ __gnu_lto/d'\'''
lt_cv_sys_global_symbol_to_c_name_address='sed -n -e '\''s/^: \([^ ]*\)[ ]*$/  {\"\1\", (void *) 0},/p'\'' -e '\''s/^[ABCDGIRSTW]* \([^ ]*\) \([^ ]*\)$/  {"\2", (void *) \&\2},/p'\'''
lt_cv_sys_global_symbol_to_c_name_address_lib_prefix='sed -n -e '\''s/^: \([^ ]*\)[ ]*$/  {\"\1\", (void *) 0},/p'\'' -e '\''s/^[ABCDGIRSTW]* \([^ ]*\) \(lib[^ ]*\)$/  {"\2", (void *) \&\2},/p'\'' -e '\''s/^[ABCDGIRSTW]* \([^ ]*\) \([^ ]*\)$/  {"lib\2", (void *) \&\2},/p'\'''
lt_cv_sys_global_symbol_to_cdecl='sed -n -e '\''s/^T .* \(.*\)$/extern int \1();/p'\'' -e '\''s/^[ABCDGIRSTW]* .* \(.*\)$/extern char \1;/p'\'''
lt_cv_sys_max_cmd_len=1572864
lt_cv_to_host_file_cmd=func_convert_file_noop
lt_cv_to_tool_file_cmd=func_convert_file_noop

## ----------------- ##
## Output variables. ##
## ----------------- ##

ACLOCAL='${SHELL} /home/chris/numerics/inflation/repository/srmodels.rs/missing --run aclocal-1.11'
AMDEPBACKSLASH='\'
AMDEP_FALSE='#'
AMDEP_TRUE=''
AMTAR='${SHELL} /home/chris/numerics/inflation/repository/srmodels.rs/missing --run tar'
AR='ar'
AUTOCONF='${SHELL} /home/chris/numerics/inflation/repository/srmodels.rs/missing --run autoconf'
AUTOHEADER='${SHELL} /home/chris/numerics/inflation/repository/srmodels.rs/missing --run autoheader'
AUTOMAKE='${SHELL} /home/chris/numerics/inflation/repository/srmodels.rs/missing --run automake-1.11'
AWK='gawk'
CC='gcc'
CCDEPMODE='depmode=gcc3'
CFLAGS='-g -O2'
CPP='gcc -E'
CPPFLAGS=''
CYGPATH_W='echo'
DATEXT='dat'
DEFS='-DPACKAGE_NAME=\"srmodels\" -DPACKAGE_TARNAME=\"srmodels\" -DPACKAGE_VERSION=\"0.0.3\" -DPACKAGE_STRING=\"srmodels\ 0.0.3\" -DPACKAGE_BUGREPORT=\"ringeval@iap.fr\" -DPACKAGE_URL=\"\" -DSTDC_HEADERS=1 -DHAVE_SYS_TYPES_H=1 -DHAVE_SYS_STAT_H=1 -DHAVE_STDLIB_H=1 -DHAVE_STRING_H=1 -DHAVE_MEMORY_H=1 -DHAVE_STRINGS_H=1 -DHAVE_INTTYPES_H=1 -DHAVE_STDINT_H=1 -DHAVE_UNISTD_H=1 -DHAVE_DLFCN_H=1 -DLT_OBJDIR=\".libs/\" -DPACKAGE=\"srmodels\" -DVERSION=\"0.0.3\"'
DEPDIR='.deps'
DLLTOOL='false'
DSYMUTIL=''
DUMPBIN=''
ECHO_C=''
ECHO_N='-n'
ECHO_T=''
EGREP='/bin/grep -E'
EXEEXT=''
FC='gfortran'
FCFLAGS='-O -fopenmp'
FC_MODEXT='mod'
FGREP='/bin/grep -F'
GREP='/bin/grep'
INSTALL_DATA='${INSTALL} -m 644'
INSTALL_PROGRAM='${INSTALL}'
INSTALL_SCRIPT='${INSTALL}'
INSTALL_STRIP_PROGRAM='$(install_sh) -c -s'
LD='/usr/bin/ld -m elf_x86_64'
LDFLAGS=''
LIBOBJS=''
LIBS=''
LIBTOOL='$(SHELL) $(top_builddir)/libtool'
LIPO=''
LN_S='ln -s'
LTLIBOBJS=''
MAKEINFO='${SHELL} /home/chris/numerics/inflation/repository/srmodels.rs/missing --run makeinfo'
MANIFEST_TOOL=':'
MKDIR_P='/bin/mkdir -p'
NM='/usr/bin/nm -B'
NMEDIT=''
OBJDUMP='objdump'
OBJEXT='o'
OTOOL64=''
OTOOL=''
PACKAGE='srmodels'
PACKAGE_BUGREPORT='ringeval@iap.fr'
PACKAGE_NAME='srmodels'
PACKAGE_STRING='srmodels 0.0.3'
PACKAGE_TARNAME='srmodels'
PACKAGE_URL=''
PACKAGE_VERSION='0.0.3'
PATH_SEPARATOR=':'
RANLIB='ranlib'
SED='/bin/sed'
SET_MAKE=''
SHELL='/bin/sh'
SRCOMMDIR='common'
SRINCDIR='srmodels'
STRIP='strip'
VERSION='0.0.3'
ac_ct_AR='ar'
ac_ct_CC='gcc'
ac_ct_DUMPBIN=''
ac_ct_FC='gfortran'
am__EXEEXT_FALSE=''
am__EXEEXT_TRUE='#'
am__fastdepCC_FALSE='#'
am__fastdepCC_TRUE=''
am__include='include'
am__isrc=''
am__leading_dot='.'
am__nodep='_no'
am__quote=''
am__tar='${AMTAR} chof - "$$tardir"'
am__untar='${AMTAR} xf -'
bindir='${exec_prefix}/bin'
build='x86_64-unknown-linux-gnu'
build_alias=''
build_cpu='x86_64'
build_os='linux-gnu'
build_vendor='unknown'
datadir='${datarootdir}'
datarootdir='${prefix}/share'
docdir='${datarootdir}/doc/${PACKAGE_TARNAME}'
dvidir='${docdir}'
exec_prefix='${prefix}'
host='x86_64-unknown-linux-gnu'
host_alias=''
host_cpu='x86_64'
host_os='linux-gnu'
host_vendor='unknown'
htmldir='${docdir}'
includedir='${prefix}/include'
infodir='${datarootdir}/info'
install_sh='${SHELL} /home/chris/numerics/inflation/repository/srmodels.rs/install-sh'
libdir='${exec_prefix}/lib'
libexecdir='${exec_prefix}/libexec'
localedir='${datarootdir}/locale'
localstatedir='${prefix}/var'
mandir='${datarootdir}/man'
mkdir_p='/bin/mkdir -p'
oldincludedir='/usr/include'
pdfdir='${docdir}'
prefix='/usr/local'
program_transform_name='s,x,x,'
psdir='${docdir}'
sbindir='${exec_prefix}/sbin'
sharedstatedir='${prefix}/com'
sysconfdir='${prefix}/etc'
target_alias=''
version_info='0:0:0'

## ----------- ##
## confdefs.h. ##
## ----------- ##

/* confdefs.h */
#define PACKAGE_NAME "srmodels"
#define PACKAGE_TARNAME "srmodels"
#define PACKAGE_VERSION "0.0.3"
#define PACKAGE_STRING "srmodels 0.0.3"
#define PACKAGE_BUGREPORT "ringeval@iap.fr"
#define PACKAGE_URL ""
#define STDC_HEADERS 1
#define HAVE_SYS_TYPES_H 1
#define HAVE_SYS_STAT_H 1
#define HAVE_STDLIB_H 1
#define HAVE_STRING_H 1
#define HAVE_MEMORY_H 1
#define HAVE_STRINGS_H 1
#define HAVE_INTTYPES_H 1
#define HAVE_STDINT_H 1
#define HAVE_UNISTD_H 1
#define HAVE_DLFCN_H 1
#define LT_OBJDIR ".libs/"
#define PACKAGE "srmodels"
#define VERSION "0.0.3"

configure: exit 0
